{"/home/victor/Área de Trabalho/dev/compound-interest-calculator/src/components/BannerAdMob/index.tsx": {"path":"/home/victor/Área de Trabalho/dev/compound-interest-calculator/src/components/BannerAdMob/index.tsx","statementMap":{"0":{"start":{"line":9,"column":48},"end":{"line":9,"column":63}},"1":{"start":{"line":11,"column":20},"end":{"line":11,"column":32}},"2":{"start":{"line":12,"column":2},"end":{"line":25,"column":4}},"3":{"start":{"line":19,"column":39},"end":{"line":19,"column":63}},"4":{"start":{"line":20,"column":28},"end":{"line":20,"column":51}}},"fnMap":{"0":{"name":"BannerAdMob","decl":{"start":{"line":7,"column":16},"end":{"line":7,"column":27}},"loc":{"start":{"line":7,"column":30},"end":{"line":26,"column":1}},"line":7},"1":{"name":"(anonymous_1)","decl":{"start":{"line":19,"column":28},"end":{"line":19,"column":29}},"loc":{"start":{"line":19,"column":39},"end":{"line":19,"column":63}},"line":19},"2":{"name":"(anonymous_2)","decl":{"start":{"line":20,"column":22},"end":{"line":20,"column":23}},"loc":{"start":{"line":20,"column":28},"end":{"line":20,"column":51}},"line":20}},"branchMap":{},"s":{"0":1,"1":1,"2":1,"3":0,"4":0},"f":{"0":1,"1":0,"2":0},"b":{},"_coverageSchema":"1a1c01bbd47fc00a2c39e90264f33305004495a9","hash":"7b97eb0389fa3c8ac6462e74801b33068fa6859d"}
,"/home/victor/Área de Trabalho/dev/compound-interest-calculator/src/components/CustomAlert/index.tsx": {"path":"/home/victor/Área de Trabalho/dev/compound-interest-calculator/src/components/CustomAlert/index.tsx","statementMap":{"0":{"start":{"line":14,"column":4},"end":{"line":32,"column":5}},"1":{"start":{"line":24,"column":39},"end":{"line":24,"column":61}},"2":{"start":{"line":27,"column":45},"end":{"line":27,"column":67}}},"fnMap":{"0":{"name":"CustomAlert","decl":{"start":{"line":13,"column":16},"end":{"line":13,"column":27}},"loc":{"start":{"line":13,"column":78},"end":{"line":33,"column":1}},"line":13},"1":{"name":"(anonymous_1)","decl":{"start":{"line":24,"column":32},"end":{"line":24,"column":33}},"loc":{"start":{"line":24,"column":38},"end":{"line":24,"column":62}},"line":24},"2":{"name":"(anonymous_2)","decl":{"start":{"line":27,"column":37},"end":{"line":27,"column":38}},"loc":{"start":{"line":27,"column":44},"end":{"line":27,"column":68}},"line":27}},"branchMap":{},"s":{"0":30,"1":0,"2":0},"f":{"0":30,"1":0,"2":0},"b":{},"_coverageSchema":"1a1c01bbd47fc00a2c39e90264f33305004495a9","hash":"fbc9b0a38b2ba271fd8d5d38c9b262f4329175de"}
,"/home/victor/Área de Trabalho/dev/compound-interest-calculator/src/components/FieldRadio/index.tsx": {"path":"/home/victor/Área de Trabalho/dev/compound-interest-calculator/src/components/FieldRadio/index.tsx","statementMap":{"0":{"start":{"line":18,"column":4},"end":{"line":53,"column":5}},"1":{"start":{"line":25,"column":16},"end":{"line":49,"column":30}},"2":{"start":{"line":30,"column":44},"end":{"line":30,"column":62}},"3":{"start":{"line":45,"column":44},"end":{"line":45,"column":62}}},"fnMap":{"0":{"name":"FieldRadio","decl":{"start":{"line":16,"column":16},"end":{"line":16,"column":26}},"loc":{"start":{"line":16,"column":85},"end":{"line":54,"column":1}},"line":16},"1":{"name":"(anonymous_1)","decl":{"start":{"line":24,"column":31},"end":{"line":24,"column":32}},"loc":{"start":{"line":25,"column":16},"end":{"line":49,"column":30}},"line":25},"2":{"name":"(anonymous_2)","decl":{"start":{"line":30,"column":33},"end":{"line":30,"column":34}},"loc":{"start":{"line":30,"column":44},"end":{"line":30,"column":62}},"line":30},"3":{"name":"(anonymous_3)","decl":{"start":{"line":45,"column":33},"end":{"line":45,"column":34}},"loc":{"start":{"line":45,"column":44},"end":{"line":45,"column":62}},"line":45}},"branchMap":{"0":{"loc":{"start":{"line":33,"column":42},"end":{"line":33,"column":90}},"type":"cond-expr","locations":[{"start":{"line":33,"column":69},"end":{"line":33,"column":78}},{"start":{"line":33,"column":81},"end":{"line":33,"column":90}}],"line":33}},"s":{"0":60,"1":120,"2":3,"3":3},"f":{"0":60,"1":120,"2":3,"3":3},"b":{"0":[18,102]},"_coverageSchema":"1a1c01bbd47fc00a2c39e90264f33305004495a9","hash":"46bc2ae7c38980b3307c72972864a36d86eff006"}
,"/home/victor/Área de Trabalho/dev/compound-interest-calculator/src/components/Header/index.tsx": {"path":"/home/victor/Área de Trabalho/dev/compound-interest-calculator/src/components/Header/index.tsx","statementMap":{"0":{"start":{"line":10,"column":4},"end":{"line":22,"column":5}}},"fnMap":{"0":{"name":"Header","decl":{"start":{"line":9,"column":16},"end":{"line":9,"column":22}},"loc":{"start":{"line":9,"column":42},"end":{"line":23,"column":1}},"line":9}},"branchMap":{},"s":{"0":30},"f":{"0":30},"b":{},"_coverageSchema":"1a1c01bbd47fc00a2c39e90264f33305004495a9","hash":"25da23ac1571fd710c557b35cb61462071bb5a97"}
,"/home/victor/Área de Trabalho/dev/compound-interest-calculator/src/components/Home/index.tsx": {"path":"/home/victor/Área de Trabalho/dev/compound-interest-calculator/src/components/Home/index.tsx","statementMap":{"0":{"start":{"line":13,"column":27},"end":{"line":20,"column":1}},"1":{"start":{"line":24,"column":26},"end":{"line":24,"column":43}},"2":{"start":{"line":26,"column":44},"end":{"line":26,"column":56}},"3":{"start":{"line":27,"column":44},"end":{"line":27,"column":56}},"4":{"start":{"line":28,"column":32},"end":{"line":28,"column":44}},"5":{"start":{"line":29,"column":54},"end":{"line":29,"column":66}},"6":{"start":{"line":30,"column":56},"end":{"line":30,"column":68}},"7":{"start":{"line":31,"column":56},"end":{"line":31,"column":68}},"8":{"start":{"line":33,"column":44},"end":{"line":33,"column":59}},"9":{"start":{"line":34,"column":38},"end":{"line":34,"column":50}},"10":{"start":{"line":36,"column":86},"end":{"line":41,"column":6}},"11":{"start":{"line":43,"column":4},"end":{"line":47,"column":19}},"12":{"start":{"line":44,"column":8},"end":{"line":46,"column":9}},"13":{"start":{"line":45,"column":12},"end":{"line":45,"column":33}},"14":{"start":{"line":49,"column":4},"end":{"line":53,"column":22}},"15":{"start":{"line":50,"column":8},"end":{"line":52,"column":9}},"16":{"start":{"line":51,"column":12},"end":{"line":51,"column":28}},"17":{"start":{"line":58,"column":8},"end":{"line":58,"column":88}},"18":{"start":{"line":62,"column":8},"end":{"line":65,"column":9}},"19":{"start":{"line":63,"column":12},"end":{"line":63,"column":64}},"20":{"start":{"line":64,"column":12},"end":{"line":64,"column":24}},"21":{"start":{"line":67,"column":8},"end":{"line":70,"column":9}},"22":{"start":{"line":68,"column":12},"end":{"line":68,"column":64}},"23":{"start":{"line":69,"column":12},"end":{"line":69,"column":24}},"24":{"start":{"line":72,"column":8},"end":{"line":75,"column":9}},"25":{"start":{"line":73,"column":12},"end":{"line":73,"column":64}},"26":{"start":{"line":74,"column":12},"end":{"line":74,"column":24}},"27":{"start":{"line":77,"column":8},"end":{"line":80,"column":9}},"28":{"start":{"line":78,"column":12},"end":{"line":78,"column":86}},"29":{"start":{"line":79,"column":12},"end":{"line":79,"column":24}},"30":{"start":{"line":82,"column":8},"end":{"line":89,"column":9}},"31":{"start":{"line":87,"column":12},"end":{"line":87,"column":100}},"32":{"start":{"line":88,"column":12},"end":{"line":88,"column":24}},"33":{"start":{"line":91,"column":8},"end":{"line":94,"column":9}},"34":{"start":{"line":92,"column":12},"end":{"line":92,"column":58}},"35":{"start":{"line":93,"column":12},"end":{"line":93,"column":24}},"36":{"start":{"line":96,"column":8},"end":{"line":99,"column":9}},"37":{"start":{"line":97,"column":12},"end":{"line":97,"column":80}},"38":{"start":{"line":98,"column":12},"end":{"line":98,"column":24}},"39":{"start":{"line":102,"column":8},"end":{"line":109,"column":9}},"40":{"start":{"line":107,"column":12},"end":{"line":107,"column":92}},"41":{"start":{"line":108,"column":12},"end":{"line":108,"column":24}},"42":{"start":{"line":111,"column":8},"end":{"line":114,"column":9}},"43":{"start":{"line":112,"column":12},"end":{"line":112,"column":98}},"44":{"start":{"line":113,"column":12},"end":{"line":113,"column":24}},"45":{"start":{"line":116,"column":8},"end":{"line":119,"column":9}},"46":{"start":{"line":117,"column":12},"end":{"line":117,"column":98}},"47":{"start":{"line":118,"column":12},"end":{"line":118,"column":24}},"48":{"start":{"line":121,"column":8},"end":{"line":121,"column":19}},"49":{"start":{"line":125,"column":8},"end":{"line":137,"column":9}},"50":{"start":{"line":126,"column":27},"end":{"line":133,"column":13}},"51":{"start":{"line":134,"column":12},"end":{"line":134,"column":83}},"52":{"start":{"line":136,"column":12},"end":{"line":136,"column":66}},"53":{"start":{"line":140,"column":4},"end":{"line":260,"column":5}},"54":{"start":{"line":153,"column":44},"end":{"line":153,"column":65}},"55":{"start":{"line":169,"column":44},"end":{"line":169,"column":65}},"56":{"start":{"line":178,"column":46},"end":{"line":178,"column":61}},"57":{"start":{"line":189,"column":44},"end":{"line":189,"column":70}},"58":{"start":{"line":198,"column":48},"end":{"line":198,"column":76}},"59":{"start":{"line":209,"column":48},"end":{"line":209,"column":76}},"60":{"start":{"line":216,"column":67},"end":{"line":216,"column":73}},"61":{"start":{"line":238,"column":12},"end":{"line":246,"column":13}},"62":{"start":{"line":239,"column":28},"end":{"line":239,"column":109}},"63":{"start":{"line":240,"column":16},"end":{"line":245,"column":18}},"64":{"start":{"line":241,"column":20},"end":{"line":243,"column":21}},"65":{"start":{"line":242,"column":24},"end":{"line":242,"column":51}},"66":{"start":{"line":248,"column":12},"end":{"line":252,"column":13}},"67":{"start":{"line":249,"column":16},"end":{"line":251,"column":18}}},"fnMap":{"0":{"name":"Home","decl":{"start":{"line":22,"column":16},"end":{"line":22,"column":20}},"loc":{"start":{"line":22,"column":24},"end":{"line":261,"column":1}},"line":22},"1":{"name":"(anonymous_1)","decl":{"start":{"line":43,"column":14},"end":{"line":43,"column":15}},"loc":{"start":{"line":43,"column":20},"end":{"line":47,"column":5}},"line":43},"2":{"name":"(anonymous_2)","decl":{"start":{"line":49,"column":14},"end":{"line":49,"column":15}},"loc":{"start":{"line":49,"column":20},"end":{"line":53,"column":5}},"line":49},"3":{"name":"stringThisScreenToFloat","decl":{"start":{"line":57,"column":13},"end":{"line":57,"column":36}},"loc":{"start":{"line":57,"column":52},"end":{"line":59,"column":5}},"line":57},"4":{"name":"validate","decl":{"start":{"line":61,"column":13},"end":{"line":61,"column":21}},"loc":{"start":{"line":61,"column":23},"end":{"line":122,"column":5}},"line":61},"5":{"name":"send","decl":{"start":{"line":124,"column":13},"end":{"line":124,"column":17}},"loc":{"start":{"line":124,"column":20},"end":{"line":138,"column":5}},"line":124},"6":{"name":"(anonymous_6)","decl":{"start":{"line":153,"column":36},"end":{"line":153,"column":37}},"loc":{"start":{"line":153,"column":44},"end":{"line":153,"column":65}},"line":153},"7":{"name":"(anonymous_7)","decl":{"start":{"line":169,"column":36},"end":{"line":169,"column":37}},"loc":{"start":{"line":169,"column":44},"end":{"line":169,"column":65}},"line":169},"8":{"name":"(anonymous_8)","decl":{"start":{"line":178,"column":38},"end":{"line":178,"column":39}},"loc":{"start":{"line":178,"column":46},"end":{"line":178,"column":61}},"line":178},"9":{"name":"(anonymous_9)","decl":{"start":{"line":189,"column":36},"end":{"line":189,"column":37}},"loc":{"start":{"line":189,"column":44},"end":{"line":189,"column":70}},"line":189},"10":{"name":"(anonymous_10)","decl":{"start":{"line":198,"column":37},"end":{"line":198,"column":38}},"loc":{"start":{"line":198,"column":48},"end":{"line":198,"column":76}},"line":198},"11":{"name":"(anonymous_11)","decl":{"start":{"line":209,"column":37},"end":{"line":209,"column":38}},"loc":{"start":{"line":209,"column":48},"end":{"line":209,"column":76}},"line":209},"12":{"name":"(anonymous_12)","decl":{"start":{"line":216,"column":61},"end":{"line":216,"column":62}},"loc":{"start":{"line":216,"column":67},"end":{"line":216,"column":73}},"line":216},"13":{"name":"(anonymous_13)","decl":{"start":{"line":237,"column":23},"end":{"line":237,"column":24}},"loc":{"start":{"line":237,"column":33},"end":{"line":253,"column":11}},"line":237},"14":{"name":"(anonymous_14)","decl":{"start":{"line":240,"column":45},"end":{"line":240,"column":46}},"loc":{"start":{"line":240,"column":58},"end":{"line":244,"column":17}},"line":240},"15":{"name":"(anonymous_15)","decl":{"start":{"line":244,"column":25},"end":{"line":244,"column":26}},"loc":{"start":{"line":244,"column":32},"end":{"line":245,"column":17}},"line":244}},"branchMap":{"0":{"loc":{"start":{"line":44,"column":8},"end":{"line":46,"column":9}},"type":"if","locations":[{"start":{"line":44,"column":8},"end":{"line":46,"column":9}},{"start":{},"end":{}}],"line":44},"1":{"loc":{"start":{"line":50,"column":8},"end":{"line":52,"column":9}},"type":"if","locations":[{"start":{"line":50,"column":8},"end":{"line":52,"column":9}},{"start":{},"end":{}}],"line":50},"2":{"loc":{"start":{"line":62,"column":8},"end":{"line":65,"column":9}},"type":"if","locations":[{"start":{"line":62,"column":8},"end":{"line":65,"column":9}},{"start":{},"end":{}}],"line":62},"3":{"loc":{"start":{"line":67,"column":8},"end":{"line":70,"column":9}},"type":"if","locations":[{"start":{"line":67,"column":8},"end":{"line":70,"column":9}},{"start":{},"end":{}}],"line":67},"4":{"loc":{"start":{"line":72,"column":8},"end":{"line":75,"column":9}},"type":"if","locations":[{"start":{"line":72,"column":8},"end":{"line":75,"column":9}},{"start":{},"end":{}}],"line":72},"5":{"loc":{"start":{"line":77,"column":8},"end":{"line":80,"column":9}},"type":"if","locations":[{"start":{"line":77,"column":8},"end":{"line":80,"column":9}},{"start":{},"end":{}}],"line":77},"6":{"loc":{"start":{"line":77,"column":11},"end":{"line":77,"column":74}},"type":"binary-expr","locations":[{"start":{"line":77,"column":11},"end":{"line":77,"column":41}},{"start":{"line":77,"column":45},"end":{"line":77,"column":74}}],"line":77},"7":{"loc":{"start":{"line":82,"column":8},"end":{"line":89,"column":9}},"type":"if","locations":[{"start":{"line":82,"column":8},"end":{"line":89,"column":9}},{"start":{},"end":{}}],"line":82},"8":{"loc":{"start":{"line":83,"column":12},"end":{"line":85,"column":90}},"type":"binary-expr","locations":[{"start":{"line":83,"column":13},"end":{"line":83,"column":43}},{"start":{"line":83,"column":47},"end":{"line":83,"column":91}},{"start":{"line":85,"column":13},"end":{"line":85,"column":42}},{"start":{"line":85,"column":46},"end":{"line":85,"column":89}}],"line":83},"9":{"loc":{"start":{"line":91,"column":8},"end":{"line":94,"column":9}},"type":"if","locations":[{"start":{"line":91,"column":8},"end":{"line":94,"column":9}},{"start":{},"end":{}}],"line":91},"10":{"loc":{"start":{"line":96,"column":8},"end":{"line":99,"column":9}},"type":"if","locations":[{"start":{"line":96,"column":8},"end":{"line":99,"column":9}},{"start":{},"end":{}}],"line":96},"11":{"loc":{"start":{"line":96,"column":11},"end":{"line":96,"column":74}},"type":"binary-expr","locations":[{"start":{"line":96,"column":11},"end":{"line":96,"column":41}},{"start":{"line":96,"column":45},"end":{"line":96,"column":74}}],"line":96},"12":{"loc":{"start":{"line":102,"column":8},"end":{"line":109,"column":9}},"type":"if","locations":[{"start":{"line":102,"column":8},"end":{"line":109,"column":9}},{"start":{},"end":{}}],"line":102},"13":{"loc":{"start":{"line":103,"column":12},"end":{"line":105,"column":84}},"type":"binary-expr","locations":[{"start":{"line":103,"column":13},"end":{"line":103,"column":43}},{"start":{"line":103,"column":47},"end":{"line":103,"column":85}},{"start":{"line":105,"column":13},"end":{"line":105,"column":42}},{"start":{"line":105,"column":46},"end":{"line":105,"column":83}}],"line":103},"14":{"loc":{"start":{"line":111,"column":8},"end":{"line":114,"column":9}},"type":"if","locations":[{"start":{"line":111,"column":8},"end":{"line":114,"column":9}},{"start":{},"end":{}}],"line":111},"15":{"loc":{"start":{"line":116,"column":8},"end":{"line":119,"column":9}},"type":"if","locations":[{"start":{"line":116,"column":8},"end":{"line":119,"column":9}},{"start":{},"end":{}}],"line":116},"16":{"loc":{"start":{"line":125,"column":8},"end":{"line":137,"column":9}},"type":"if","locations":[{"start":{"line":125,"column":8},"end":{"line":137,"column":9}},{"start":{},"end":{}}],"line":125},"17":{"loc":{"start":{"line":238,"column":12},"end":{"line":246,"column":13}},"type":"if","locations":[{"start":{"line":238,"column":12},"end":{"line":246,"column":13}},{"start":{},"end":{}}],"line":238},"18":{"loc":{"start":{"line":241,"column":20},"end":{"line":243,"column":21}},"type":"if","locations":[{"start":{"line":241,"column":20},"end":{"line":243,"column":21}},{"start":{},"end":{}}],"line":241},"19":{"loc":{"start":{"line":248,"column":12},"end":{"line":252,"column":13}},"type":"if","locations":[{"start":{"line":248,"column":12},"end":{"line":252,"column":13}},{"start":{},"end":{}}],"line":248}},"s":{"0":1,"1":35,"2":35,"3":35,"4":35,"5":35,"6":35,"7":35,"8":35,"9":35,"10":35,"11":35,"12":8,"13":5,"14":35,"15":4,"16":3,"17":26,"18":9,"19":1,"20":1,"21":8,"22":1,"23":1,"24":7,"25":1,"26":1,"27":6,"28":1,"29":1,"30":5,"31":0,"32":0,"33":5,"34":1,"35":1,"36":4,"37":1,"38":1,"39":3,"40":0,"41":0,"42":3,"43":0,"44":0,"45":3,"46":0,"47":0,"48":3,"49":9,"50":3,"51":3,"52":3,"53":35,"54":3,"55":3,"56":3,"57":3,"58":3,"59":3,"60":9,"61":0,"62":0,"63":0,"64":0,"65":0,"66":0,"67":0},"f":{"0":35,"1":8,"2":4,"3":26,"4":9,"5":9,"6":3,"7":3,"8":3,"9":3,"10":3,"11":3,"12":9,"13":0,"14":0,"15":0},"b":{"0":[5,3],"1":[3,1],"2":[1,8],"3":[1,7],"4":[1,6],"5":[1,5],"6":[6,2],"7":[0,5],"8":[5,4,5,1],"9":[1,4],"10":[1,3],"11":[4,2],"12":[0,3],"13":[3,2,3,1],"14":[0,3],"15":[0,3],"16":[3,6],"17":[0,0],"18":[0,0],"19":[0,0]},"_coverageSchema":"1a1c01bbd47fc00a2c39e90264f33305004495a9","hash":"eba79a29d8d432970656cec3332a43649d97ecae"}
,"/home/victor/Área de Trabalho/dev/compound-interest-calculator/src/components/Questions/index.tsx": {"path":"/home/victor/Área de Trabalho/dev/compound-interest-calculator/src/components/Questions/index.tsx","statementMap":{"0":{"start":{"line":9,"column":44},"end":{"line":9,"column":55}},"1":{"start":{"line":12,"column":8},"end":{"line":12,"column":55}},"2":{"start":{"line":15,"column":4},"end":{"line":163,"column":5}},"3":{"start":{"line":19,"column":68},"end":{"line":19,"column":89}},"4":{"start":{"line":35,"column":68},"end":{"line":35,"column":89}},"5":{"start":{"line":54,"column":68},"end":{"line":54,"column":89}},"6":{"start":{"line":70,"column":68},"end":{"line":70,"column":89}},"7":{"start":{"line":88,"column":68},"end":{"line":88,"column":89}},"8":{"start":{"line":106,"column":68},"end":{"line":106,"column":89}},"9":{"start":{"line":126,"column":68},"end":{"line":126,"column":89}},"10":{"start":{"line":147,"column":68},"end":{"line":147,"column":89}}},"fnMap":{"0":{"name":"Questions","decl":{"start":{"line":7,"column":16},"end":{"line":7,"column":25}},"loc":{"start":{"line":7,"column":29},"end":{"line":164,"column":1}},"line":7},"1":{"name":"handleOpenQuestion","decl":{"start":{"line":11,"column":13},"end":{"line":11,"column":31}},"loc":{"start":{"line":11,"column":45},"end":{"line":13,"column":5}},"line":11},"2":{"name":"(anonymous_2)","decl":{"start":{"line":19,"column":62},"end":{"line":19,"column":63}},"loc":{"start":{"line":19,"column":68},"end":{"line":19,"column":89}},"line":19},"3":{"name":"(anonymous_3)","decl":{"start":{"line":35,"column":62},"end":{"line":35,"column":63}},"loc":{"start":{"line":35,"column":68},"end":{"line":35,"column":89}},"line":35},"4":{"name":"(anonymous_4)","decl":{"start":{"line":54,"column":62},"end":{"line":54,"column":63}},"loc":{"start":{"line":54,"column":68},"end":{"line":54,"column":89}},"line":54},"5":{"name":"(anonymous_5)","decl":{"start":{"line":70,"column":62},"end":{"line":70,"column":63}},"loc":{"start":{"line":70,"column":68},"end":{"line":70,"column":89}},"line":70},"6":{"name":"(anonymous_6)","decl":{"start":{"line":88,"column":62},"end":{"line":88,"column":63}},"loc":{"start":{"line":88,"column":68},"end":{"line":88,"column":89}},"line":88},"7":{"name":"(anonymous_7)","decl":{"start":{"line":106,"column":62},"end":{"line":106,"column":63}},"loc":{"start":{"line":106,"column":68},"end":{"line":106,"column":89}},"line":106},"8":{"name":"(anonymous_8)","decl":{"start":{"line":126,"column":62},"end":{"line":126,"column":63}},"loc":{"start":{"line":126,"column":68},"end":{"line":126,"column":89}},"line":126},"9":{"name":"(anonymous_9)","decl":{"start":{"line":147,"column":62},"end":{"line":147,"column":63}},"loc":{"start":{"line":147,"column":68},"end":{"line":147,"column":89}},"line":147}},"branchMap":{"0":{"loc":{"start":{"line":12,"column":24},"end":{"line":12,"column":54}},"type":"cond-expr","locations":[{"start":{"line":12,"column":47},"end":{"line":12,"column":48}},{"start":{"line":12,"column":51},"end":{"line":12,"column":54}}],"line":12},"1":{"loc":{"start":{"line":21,"column":50},"end":{"line":21,"column":87}},"type":"cond-expr","locations":[{"start":{"line":21,"column":71},"end":{"line":21,"column":78}},{"start":{"line":21,"column":81},"end":{"line":21,"column":87}}],"line":21},"2":{"loc":{"start":{"line":24,"column":19},"end":{"line":32,"column":38}},"type":"binary-expr","locations":[{"start":{"line":24,"column":19},"end":{"line":24,"column":37}},{"start":{"line":25,"column":19},"end":{"line":32,"column":38}}],"line":24},"3":{"loc":{"start":{"line":37,"column":50},"end":{"line":37,"column":87}},"type":"cond-expr","locations":[{"start":{"line":37,"column":71},"end":{"line":37,"column":78}},{"start":{"line":37,"column":81},"end":{"line":37,"column":87}}],"line":37},"4":{"loc":{"start":{"line":40,"column":19},"end":{"line":51,"column":38}},"type":"binary-expr","locations":[{"start":{"line":40,"column":19},"end":{"line":40,"column":37}},{"start":{"line":41,"column":19},"end":{"line":51,"column":38}}],"line":40},"5":{"loc":{"start":{"line":56,"column":50},"end":{"line":56,"column":87}},"type":"cond-expr","locations":[{"start":{"line":56,"column":71},"end":{"line":56,"column":78}},{"start":{"line":56,"column":81},"end":{"line":56,"column":87}}],"line":56},"6":{"loc":{"start":{"line":59,"column":19},"end":{"line":67,"column":38}},"type":"binary-expr","locations":[{"start":{"line":59,"column":19},"end":{"line":59,"column":37}},{"start":{"line":60,"column":19},"end":{"line":67,"column":38}}],"line":59},"7":{"loc":{"start":{"line":72,"column":50},"end":{"line":72,"column":87}},"type":"cond-expr","locations":[{"start":{"line":72,"column":71},"end":{"line":72,"column":78}},{"start":{"line":72,"column":81},"end":{"line":72,"column":87}}],"line":72},"8":{"loc":{"start":{"line":75,"column":19},"end":{"line":85,"column":38}},"type":"binary-expr","locations":[{"start":{"line":75,"column":19},"end":{"line":75,"column":37}},{"start":{"line":76,"column":19},"end":{"line":85,"column":38}}],"line":75},"9":{"loc":{"start":{"line":90,"column":50},"end":{"line":90,"column":87}},"type":"cond-expr","locations":[{"start":{"line":90,"column":71},"end":{"line":90,"column":78}},{"start":{"line":90,"column":81},"end":{"line":90,"column":87}}],"line":90},"10":{"loc":{"start":{"line":93,"column":19},"end":{"line":103,"column":38}},"type":"binary-expr","locations":[{"start":{"line":93,"column":19},"end":{"line":93,"column":37}},{"start":{"line":94,"column":19},"end":{"line":103,"column":38}}],"line":93},"11":{"loc":{"start":{"line":108,"column":50},"end":{"line":108,"column":87}},"type":"cond-expr","locations":[{"start":{"line":108,"column":71},"end":{"line":108,"column":78}},{"start":{"line":108,"column":81},"end":{"line":108,"column":87}}],"line":108},"12":{"loc":{"start":{"line":111,"column":19},"end":{"line":123,"column":38}},"type":"binary-expr","locations":[{"start":{"line":111,"column":19},"end":{"line":111,"column":37}},{"start":{"line":112,"column":19},"end":{"line":123,"column":38}}],"line":111},"13":{"loc":{"start":{"line":128,"column":50},"end":{"line":128,"column":87}},"type":"cond-expr","locations":[{"start":{"line":128,"column":71},"end":{"line":128,"column":78}},{"start":{"line":128,"column":81},"end":{"line":128,"column":87}}],"line":128},"14":{"loc":{"start":{"line":131,"column":19},"end":{"line":144,"column":38}},"type":"binary-expr","locations":[{"start":{"line":131,"column":19},"end":{"line":131,"column":37}},{"start":{"line":132,"column":19},"end":{"line":144,"column":38}}],"line":131},"15":{"loc":{"start":{"line":149,"column":50},"end":{"line":149,"column":87}},"type":"cond-expr","locations":[{"start":{"line":149,"column":71},"end":{"line":149,"column":78}},{"start":{"line":149,"column":81},"end":{"line":149,"column":87}}],"line":149},"16":{"loc":{"start":{"line":152,"column":19},"end":{"line":159,"column":38}},"type":"binary-expr","locations":[{"start":{"line":152,"column":19},"end":{"line":152,"column":37}},{"start":{"line":153,"column":19},"end":{"line":159,"column":38}}],"line":152}},"s":{"0":0,"1":0,"2":0,"3":0,"4":0,"5":0,"6":0,"7":0,"8":0,"9":0,"10":0},"f":{"0":0,"1":0,"2":0,"3":0,"4":0,"5":0,"6":0,"7":0,"8":0,"9":0},"b":{"0":[0,0],"1":[0,0],"2":[0,0],"3":[0,0],"4":[0,0],"5":[0,0],"6":[0,0],"7":[0,0],"8":[0,0],"9":[0,0],"10":[0,0],"11":[0,0],"12":[0,0],"13":[0,0],"14":[0,0],"15":[0,0],"16":[0,0]},"_coverageSchema":"1a1c01bbd47fc00a2c39e90264f33305004495a9","hash":"2734eea433d127bb0ea6c0efb99e254ceb2efebb"}
,"/home/victor/Área de Trabalho/dev/compound-interest-calculator/src/components/Results/index.tsx": {"path":"/home/victor/Área de Trabalho/dev/compound-interest-calculator/src/components/Results/index.tsx","statementMap":{"0":{"start":{"line":6,"column":4},"end":{"line":26,"column":5}}},"fnMap":{"0":{"name":"Results","decl":{"start":{"line":5,"column":16},"end":{"line":5,"column":23}},"loc":{"start":{"line":5,"column":67},"end":{"line":27,"column":1}},"line":5}},"branchMap":{},"s":{"0":30},"f":{"0":30},"b":{},"_coverageSchema":"1a1c01bbd47fc00a2c39e90264f33305004495a9","hash":"6bb646ea05fec4ade234d7de24368b5e279c28fe"}
}
