TN:
SF:src/components/BannerAdMob/index.tsx
FN:7,BannerAdMob
FN:19,(anonymous_1)
FN:20,(anonymous_2)
FNF:3
FNH:1
FNDA:1,BannerAdMob
FNDA:0,(anonymous_1)
FNDA:0,(anonymous_2)
DA:9,1
DA:11,1
DA:12,1
DA:19,0
DA:20,0
LF:5
LH:3
BRF:0
BRH:0
end_of_record
TN:
SF:src/components/CustomAlert/index.tsx
FN:13,CustomAlert
FN:24,(anonymous_1)
FN:27,(anonymous_2)
FNF:3
FNH:1
FNDA:30,CustomAlert
FNDA:0,(anonymous_1)
FNDA:0,(anonymous_2)
DA:14,30
DA:24,0
DA:27,0
LF:3
LH:1
BRF:0
BRH:0
end_of_record
TN:
SF:src/components/FieldRadio/index.tsx
FN:16,FieldRadio
FN:24,(anonymous_1)
FN:30,(anonymous_2)
FN:45,(anonymous_3)
FNF:4
FNH:4
FNDA:60,FieldRadio
FNDA:120,(anonymous_1)
FNDA:3,(anonymous_2)
FNDA:3,(anonymous_3)
DA:18,60
DA:25,120
DA:30,3
DA:45,3
LF:4
LH:4
BRDA:33,0,0,18
BRDA:33,0,1,102
BRF:2
BRH:2
end_of_record
TN:
SF:src/components/Header/index.tsx
FN:9,Header
FNF:1
FNH:1
FNDA:30,Header
DA:10,30
LF:1
LH:1
BRF:0
BRH:0
end_of_record
TN:
SF:src/components/Home/index.tsx
FN:22,Home
FN:43,(anonymous_1)
FN:49,(anonymous_2)
FN:57,stringThisScreenToFloat
FN:61,validate
FN:124,send
FN:153,(anonymous_6)
FN:169,(anonymous_7)
FN:178,(anonymous_8)
FN:189,(anonymous_9)
FN:198,(anonymous_10)
FN:209,(anonymous_11)
FN:216,(anonymous_12)
FN:237,(anonymous_13)
FN:240,(anonymous_14)
FN:244,(anonymous_15)
FNF:16
FNH:13
FNDA:35,Home
FNDA:8,(anonymous_1)
FNDA:4,(anonymous_2)
FNDA:26,stringThisScreenToFloat
FNDA:9,validate
FNDA:9,send
FNDA:3,(anonymous_6)
FNDA:3,(anonymous_7)
FNDA:3,(anonymous_8)
FNDA:3,(anonymous_9)
FNDA:3,(anonymous_10)
FNDA:3,(anonymous_11)
FNDA:9,(anonymous_12)
FNDA:0,(anonymous_13)
FNDA:0,(anonymous_14)
FNDA:0,(anonymous_15)
DA:13,1
DA:24,35
DA:26,35
DA:27,35
DA:28,35
DA:29,35
DA:30,35
DA:31,35
DA:33,35
DA:34,35
DA:36,35
DA:43,35
DA:44,8
DA:45,5
DA:49,35
DA:50,4
DA:51,3
DA:58,26
DA:62,9
DA:63,1
DA:64,1
DA:67,8
DA:68,1
DA:69,1
DA:72,7
DA:73,1
DA:74,1
DA:77,6
DA:78,1
DA:79,1
DA:82,5
DA:87,0
DA:88,0
DA:91,5
DA:92,1
DA:93,1
DA:96,4
DA:97,1
DA:98,1
DA:102,3
DA:107,0
DA:108,0
DA:111,3
DA:112,0
DA:113,0
DA:116,3
DA:117,0
DA:118,0
DA:121,3
DA:125,9
DA:126,3
DA:134,3
DA:136,3
DA:140,35
DA:153,3
DA:169,3
DA:178,3
DA:189,3
DA:198,3
DA:209,3
DA:216,9
DA:238,0
DA:239,0
DA:240,0
DA:241,0
DA:242,0
DA:248,0
DA:249,0
LF:68
LH:53
BRDA:44,0,0,5
BRDA:44,0,1,3
BRDA:50,1,0,3
BRDA:50,1,1,1
BRDA:62,2,0,1
BRDA:62,2,1,8
BRDA:67,3,0,1
BRDA:67,3,1,7
BRDA:72,4,0,1
BRDA:72,4,1,6
BRDA:77,5,0,1
BRDA:77,5,1,5
BRDA:77,6,0,6
BRDA:77,6,1,2
BRDA:82,7,0,0
BRDA:82,7,1,5
BRDA:83,8,0,5
BRDA:83,8,1,4
BRDA:83,8,2,5
BRDA:83,8,3,1
BRDA:91,9,0,1
BRDA:91,9,1,4
BRDA:96,10,0,1
BRDA:96,10,1,3
BRDA:96,11,0,4
BRDA:96,11,1,2
BRDA:102,12,0,0
BRDA:102,12,1,3
BRDA:103,13,0,3
BRDA:103,13,1,2
BRDA:103,13,2,3
BRDA:103,13,3,1
BRDA:111,14,0,0
BRDA:111,14,1,3
BRDA:116,15,0,0
BRDA:116,15,1,3
BRDA:125,16,0,3
BRDA:125,16,1,6
BRDA:238,17,0,0
BRDA:238,17,1,0
BRDA:241,18,0,0
BRDA:241,18,1,0
BRDA:248,19,0,0
BRDA:248,19,1,0
BRF:44
BRH:34
end_of_record
TN:
SF:src/components/Questions/index.tsx
FN:7,Questions
FN:11,handleOpenQuestion
FN:19,(anonymous_2)
FN:35,(anonymous_3)
FN:54,(anonymous_4)
FN:70,(anonymous_5)
FN:88,(anonymous_6)
FN:106,(anonymous_7)
FN:126,(anonymous_8)
FN:147,(anonymous_9)
FNF:10
FNH:0
FNDA:0,Questions
FNDA:0,handleOpenQuestion
FNDA:0,(anonymous_2)
FNDA:0,(anonymous_3)
FNDA:0,(anonymous_4)
FNDA:0,(anonymous_5)
FNDA:0,(anonymous_6)
FNDA:0,(anonymous_7)
FNDA:0,(anonymous_8)
FNDA:0,(anonymous_9)
DA:9,0
DA:12,0
DA:15,0
DA:19,0
DA:35,0
DA:54,0
DA:70,0
DA:88,0
DA:106,0
DA:126,0
DA:147,0
LF:11
LH:0
BRDA:12,0,0,0
BRDA:12,0,1,0
BRDA:21,1,0,0
BRDA:21,1,1,0
BRDA:24,2,0,0
BRDA:24,2,1,0
BRDA:37,3,0,0
BRDA:37,3,1,0
BRDA:40,4,0,0
BRDA:40,4,1,0
BRDA:56,5,0,0
BRDA:56,5,1,0
BRDA:59,6,0,0
BRDA:59,6,1,0
BRDA:72,7,0,0
BRDA:72,7,1,0
BRDA:75,8,0,0
BRDA:75,8,1,0
BRDA:90,9,0,0
BRDA:90,9,1,0
BRDA:93,10,0,0
BRDA:93,10,1,0
BRDA:108,11,0,0
BRDA:108,11,1,0
BRDA:111,12,0,0
BRDA:111,12,1,0
BRDA:128,13,0,0
BRDA:128,13,1,0
BRDA:131,14,0,0
BRDA:131,14,1,0
BRDA:149,15,0,0
BRDA:149,15,1,0
BRDA:152,16,0,0
BRDA:152,16,1,0
BRF:34
BRH:0
end_of_record
TN:
SF:src/components/Results/index.tsx
FN:5,Results
FNF:1
FNH:1
FNDA:30,Results
DA:6,30
LF:1
LH:1
BRF:0
BRH:0
end_of_record
